/%SWAGGER-PROJECT%/%SWAGGER-VERSION%/api-docs	frequency==2
/%SWAGGER-PROJECT%/%SWAGGER-VERSION%/api-docs/swagger-ui.html	frequency==2
/%SWAGGER-PROJECT%/%SWAGGER-VERSION%/swagger.json	frequency==20
/%SWAGGER-PROJECT%/前台信息接口/swagger.json	frequency==20
/%SWAGGER-VERSION%/api-docs/swagger-ui.html	frequency==2
/%SWAGGER-VERSION%/api-docs?group=swaggers说明文档.html	frequency==2
/api/%SWAGGER-VERSION%/{re=exrex:(|%SWAGGER-PROJECT%)}$/	frequency==2
/api/%SWAGGER-VERSION%/{re=exrex:(|%SWAGGER-PROJECT%)}$/ui	frequency==2
/api/%SWAGGER-VERSION%/{re=exrex:(|%SWAGGER-PROJECT%)}$/ui.html	frequency==2
/api/{re=exrex:(|%SWAGGER-PROJECT%)}$/	frequency==2
/api/{re=exrex:(|%SWAGGER-PROJECT%)}$/ui	frequency==2
/api/{re=exrex:(|%SWAGGER-PROJECT%)}$/ui.html	frequency==2
/{re=exrex:(|%SWAGGER-PROJECT%)}$	frequency==2
/{re=exrex:(|%SWAGGER-PROJECT%)}$/	frequency==2
/{re=exrex:(|%SWAGGER-PROJECT%)}$/%20/swagger-ui.html	frequency==2
/{re=exrex:(|%SWAGGER-PROJECT%)}$/%SWAGGER-PROJECT%/api-docs	frequency==2
/{re=exrex:(|%SWAGGER-PROJECT%)}$/%SWAGGER-VERSION%/api-docs?group=swaggers说明文档.html	frequency==2
/{re=exrex:(|%SWAGGER-PROJECT%)}$/%SWAGGER-VERSION%/swagger	frequency==2
/{re=exrex:(|%SWAGGER-PROJECT%)}$/%SWAGGER-VERSION%/swagger-resources	frequency==2
/{re=exrex:(|%SWAGGER-PROJECT%)}$/%SWAGGER-VERSION%/swagger-ui	frequency==2
/{re=exrex:(|%SWAGGER-PROJECT%)}$/%SWAGGER-VERSION%/swagger-ui.html	frequency==2
/{re=exrex:(|%SWAGGER-PROJECT%)}$/%SWAGGER-VERSION%/swagger-ui.json	frequency==20
/{re=exrex:(|%SWAGGER-PROJECT%)}$/%SWAGGER-VERSION%/swagger.json	frequency==20
/{re=exrex:(|%SWAGGER-PROJECT%)}$/%SWAGGER-VERSION%/swagger/	frequency==2
/{re=exrex:(|%SWAGGER-PROJECT%)}$/admin/swagger-ui.html	frequency==2
/{re=exrex:(|%SWAGGER-PROJECT%)}$/api-docs	frequency==2
/{re=exrex:(|%SWAGGER-PROJECT%)}$/api-docs/swagger.json	frequency==20
/{re=exrex:(|%SWAGGER-PROJECT%)}$/api/%SWAGGER-VERSION%/swagger.json	frequency==20
/{re=exrex:(|%SWAGGER-PROJECT%)}$/api/swagger	frequency==2
/{re=exrex:(|%SWAGGER-PROJECT%)}$/api/swagger-resources	frequency==2
/{re=exrex:(|%SWAGGER-PROJECT%)}$/api/swagger-ui	frequency==2
/{re=exrex:(|%SWAGGER-PROJECT%)}$/api/swagger-ui.html	frequency==2
/{re=exrex:(|%SWAGGER-PROJECT%)}$/api/swagger-ui.json	frequency==20
/{re=exrex:(|%SWAGGER-PROJECT%)}$/api/swagger.json	frequency==20
/{re=exrex:(|%SWAGGER-PROJECT%)}$/api/swaggerui	frequency==2
/{re=exrex:(|%SWAGGER-PROJECT%)}$/apidocs/swagger.json	frequency==20
/{re=exrex:(|%SWAGGER-PROJECT%)}$/codes	frequency==2
/{re=exrex:(|%SWAGGER-PROJECT%)}$/configuration/security	frequency==2
/{re=exrex:(|%SWAGGER-PROJECT%)}$/configuration/ui	frequency==2
/{re=exrex:(|%SWAGGER-PROJECT%)}$/index.html	frequency==2
/{re=exrex:(|%SWAGGER-PROJECT%)}$/libs/swaggerui	frequency==2
/{re=exrex:(|%SWAGGER-PROJECT%)}$/login/admin/swagger-ui.html	frequency==2
/{re=exrex:(|%SWAGGER-PROJECT%)}$/oauth/token/list/api/swagger	frequency==2
/{re=exrex:(|%SWAGGER-PROJECT%)}$/oauth/user/token/api/swagger-resources	frequency==2
/{re=exrex:(|%SWAGGER-PROJECT%)}$/oauth/userinfo/api/swagger-ui.html	frequency==2
/{re=exrex:(|%SWAGGER-PROJECT%)}$/peripheral/swagger-ui.html	frequency==2
/{re=exrex:(|%SWAGGER-PROJECT%)}$/redis/memoryInfo/api/swaggerui	frequency==2
/{re=exrex:(|%SWAGGER-PROJECT%)}$/static/index.html	frequency==2
/{re=exrex:(|%SWAGGER-PROJECT%)}$/static/swagger.json	frequency==20
/{re=exrex:(|%SWAGGER-PROJECT%)}$/sw/swagger-ui.html	frequency==2
/{re=exrex:(|%SWAGGER-PROJECT%)}$/swagger	frequency==2
/{re=exrex:(|%SWAGGER-PROJECT%)}$/swagger-resources	frequency==2
/{re=exrex:(|%SWAGGER-PROJECT%)}$/swagger-resources/static/	frequency==2
/{re=exrex:(|%SWAGGER-PROJECT%)}$/swagger-resourcesce	frequency==2
/{re=exrex:(|%SWAGGER-PROJECT%)}$/swagger-ui	frequency==2
/{re=exrex:(|%SWAGGER-PROJECT%)}$/swagger-ui.html	frequency==2
/{re=exrex:(|%SWAGGER-PROJECT%)}$/swagger-ui.html#	frequency==2
/{re=exrex:(|%SWAGGER-PROJECT%)}$/swagger-ui.json	frequency==20
/{re=exrex:(|%SWAGGER-PROJECT%)}$/swagger-ui/html	frequency==2
/{re=exrex:(|%SWAGGER-PROJECT%)}$/swagger-ui/index.html	frequency==2
/{re=exrex:(|%SWAGGER-PROJECT%)}$/swagger-ui/swagger.json	frequency==20
/{re=exrex:(|%SWAGGER-PROJECT%)}$/swagger.json	frequency==20
/{re=exrex:(|%SWAGGER-PROJECT%)}$/swagger.yml	frequency==2
/{re=exrex:(|%SWAGGER-PROJECT%)}$/swagger/codes	frequency==2
/{re=exrex:(|%SWAGGER-PROJECT%)}$/swagger/index.html	frequency==2
/{re=exrex:(|%SWAGGER-PROJECT%)}$/swagger/static/index.html	frequency==2
/{re=exrex:(|%SWAGGER-PROJECT%)}$/swagger接口文档/swagger.json	frequency==20
/{re=exrex:(|%SWAGGER-PROJECT%)}$/template/swagger-ui.html	frequency==2
/{re=exrex:(|%SWAGGER-PROJECT%)}$/ui	frequency==2
/{re=exrex:(|%SWAGGER-PROJECT%)}$/ui/abp.swagger.js	frequency==2
/{re=exrex:(|%SWAGGER-PROJECT%)}$/user/swagger-ui.html	frequency==2
/{re=exrex:(|%SWAGGER-PROJECT%)}$/前台信息接口/swagger.json	frequency==20