admin  <-->11
bin  <-->11
db  <-->10
template  <-->10
data  <-->10
backup  <-->10
back  <-->10
index  <-->10
main  <-->10
global  <-->10
include  <-->10
includes  <-->10
common  <-->10
bak  <-->10
database  <-->10
users  <-->10
sql  <-->10
html  <-->10
user  <-->10
bbs  <-->10
ftp  <-->10
root  <-->10
beifen  <-->10
userlist  <-->10
old  <-->10
archive  <-->10
backups  <-->10
code  <-->10
dump  <-->10
install  <-->10
_backup  <-->10
upload  <-->10
Release  <-->10
download  <-->10
config  <-->10
files  <-->10
WEB-INF  <-->10
mysql  <-->10
temp  <-->10
upfile  <-->10
new  <-->10
dev  <-->10
oa  <-->10
vip  <-->10
master  <-->10
err_log  <-->9
members  <-->9
conf  <-->9
package  <-->8
api  <-->8
jsp  <-->8
js  <-->8
tmp  <-->7
bk  <-->7
clients  <-->6
manage  <-->6
update  <-->6
setup  <-->6
logs  <-->6
demo  <-->6
log  <-->6
app  <-->6
Upload  <-->5
file  <-->5
auth  <-->5
Data  <-->5
server  <-->5
login  <-->5
local  <-->5
tools  <-->5
Member  <-->3
product  <-->1
