sql  <-->18
backup  <-->18
back  <-->18
temp  <-->16
{date=year_mon_day:*-5}$  <-->8
{date=year_mon:*-5}$  <-->8
{date=year:*-5}$  <-->8
backupdata  <-->7
data  <-->5
test  <-->4
db  <-->4
old  <-->3
bak  <-->2
databak  <-->2
lastbackup  <-->1
webbak  <-->1
gg  <-->1
backups  <-->1
sqldata  <-->1
databack  <-->1
databackup  <-->1
database  <-->1
databasebak  <-->1
file  <-->1
files  <-->1
520  <-->1
123123  <-->1
{re=exrex:[abcdefgwABCDEFGW012345]}$  <-->1
{int=digits#3:1-3}$  <-->1
{int=digits#4:1-4}$  <-->1
{int=digits#5:1-5}$  <-->1
{int=digits#6:1-6}$  <-->1
{int=overlap#2:0-3}$  <-->1
{int=overlap#3:0-3}$  <-->1
{int=overlap#4:0-3}$  <-->1
{int=overlap#5:0-3}$  <-->1
{int=overlap#6:0-3}$  <-->1

