/api/Account/Coupons  <-->3
/api/CraftedIngridient/{id}  <-->3
/api/Ingredients/{id}  <-->3
/api/Restaurants  <-->3
/api/Restaurants/{id}  <-->3
/api/SubCategories/{id}  <-->3
/api/CraftedIngridient  <-->2
/api/Discounts  <-->2
/api/Dishes  <-->2
/api/Dishes/{id}  <-->2
/api/Employees  <-->2
/api/Ingredients  <-->2
/api/v2/Orders  <-->2
/api/v2/Orders/{id}  <-->2
/api/Account/register  <-->1
/api/Account/CreateCustomerAccount  <-->1
/api/Account/CreatePaymentIntent  <-->1
/api/Account/CreatePaymentMethod/{paymentIntent}/{tokenCard}  <-->1
/api/Account/PaymentMethods  <-->1
/api/Account/PaymentMethods/{id}  <-->1
/api/Account/ListCoupons  <-->1
/api/Account/AddCoupons  <-->1
/api/Account/DefaultPaymentMethod/{id}  <-->1
/api/Account/getuserbytoken  <-->1
/api/Account/{userId}  <-->1
/api/Account/updateuser  <-->1
